{"/Users/ryangranger/commandshift-projects/diy-kata/src/index.js": {"path":"/Users/ryangranger/commandshift-projects/diy-kata/src/index.js","statementMap":{"0":{"start":{"line":1,"column":17},"end":{"line":1,"column":44}},"1":{"start":{"line":2,"column":22},"end":{"line":2,"column":54}},"2":{"start":{"line":3,"column":31},"end":{"line":3,"column":72}},"3":{"start":{"line":4,"column":25},"end":{"line":4,"column":60}},"4":{"start":{"line":5,"column":25},"end":{"line":5,"column":60}},"5":{"start":{"line":6,"column":18},"end":{"line":6,"column":46}},"6":{"start":{"line":7,"column":24},"end":{"line":7,"column":58}},"7":{"start":{"line":9,"column":0},"end":{"line":17,"column":2}}},"fnMap":{},"branchMap":{},"s":{"0":1,"1":1,"2":1,"3":1,"4":1,"5":1,"6":1,"7":1},"f":{},"b":{},"_coverageSchema":"1a1c01bbd47fc00a2c39e90264f33305004495a9","hash":"79ec7f950209fa88f5617033e28ba8ef78334a7b"}
,"/Users/ryangranger/commandshift-projects/diy-kata/src/kata1.fizzBuzz.js": {"path":"/Users/ryangranger/commandshift-projects/diy-kata/src/kata1.fizzBuzz.js","statementMap":{"0":{"start":{"line":1,"column":17},"end":{"line":15,"column":1}},"1":{"start":{"line":2,"column":25},"end":{"line":2,"column":41}},"2":{"start":{"line":3,"column":25},"end":{"line":3,"column":41}},"3":{"start":{"line":5,"column":2},"end":{"line":7,"column":3}},"4":{"start":{"line":6,"column":4},"end":{"line":6,"column":22}},"5":{"start":{"line":8,"column":2},"end":{"line":10,"column":3}},"6":{"start":{"line":9,"column":4},"end":{"line":9,"column":18}},"7":{"start":{"line":11,"column":2},"end":{"line":13,"column":3}},"8":{"start":{"line":12,"column":4},"end":{"line":12,"column":18}},"9":{"start":{"line":14,"column":2},"end":{"line":14,"column":16}},"10":{"start":{"line":17,"column":0},"end":{"line":17,"column":26}}},"fnMap":{"0":{"name":"(anonymous_0)","decl":{"start":{"line":1,"column":17},"end":{"line":1,"column":18}},"loc":{"start":{"line":1,"column":29},"end":{"line":15,"column":1}},"line":1}},"branchMap":{"0":{"loc":{"start":{"line":5,"column":2},"end":{"line":7,"column":3}},"type":"if","locations":[{"start":{"line":5,"column":2},"end":{"line":7,"column":3}},{"start":{},"end":{}}],"line":5},"1":{"loc":{"start":{"line":5,"column":6},"end":{"line":5,"column":38}},"type":"binary-expr","locations":[{"start":{"line":5,"column":6},"end":{"line":5,"column":20}},{"start":{"line":5,"column":24},"end":{"line":5,"column":38}}],"line":5},"2":{"loc":{"start":{"line":8,"column":2},"end":{"line":10,"column":3}},"type":"if","locations":[{"start":{"line":8,"column":2},"end":{"line":10,"column":3}},{"start":{},"end":{}}],"line":8},"3":{"loc":{"start":{"line":11,"column":2},"end":{"line":13,"column":3}},"type":"if","locations":[{"start":{"line":11,"column":2},"end":{"line":13,"column":3}},{"start":{},"end":{}}],"line":11}},"s":{"0":1,"1":0,"2":0,"3":0,"4":0,"5":0,"6":0,"7":0,"8":0,"9":0,"10":1},"f":{"0":0},"b":{"0":[0,0],"1":[0,0],"2":[0,0],"3":[0,0]},"_coverageSchema":"1a1c01bbd47fc00a2c39e90264f33305004495a9","hash":"d9e55f36e9d6959ec78e678a75110b1c7d415d9b"}
,"/Users/ryangranger/commandshift-projects/diy-kata/src/kata2.booleanToWord.js": {"path":"/Users/ryangranger/commandshift-projects/diy-kata/src/kata2.booleanToWord.js","statementMap":{"0":{"start":{"line":1,"column":22},"end":{"line":1,"column":59}},"1":{"start":{"line":1,"column":36},"end":{"line":1,"column":58}},"2":{"start":{"line":3,"column":0},"end":{"line":3,"column":31}}},"fnMap":{"0":{"name":"(anonymous_0)","decl":{"start":{"line":1,"column":22},"end":{"line":1,"column":23}},"loc":{"start":{"line":1,"column":36},"end":{"line":1,"column":58}},"line":1}},"branchMap":{"0":{"loc":{"start":{"line":1,"column":36},"end":{"line":1,"column":58}},"type":"cond-expr","locations":[{"start":{"line":1,"column":46},"end":{"line":1,"column":51}},{"start":{"line":1,"column":54},"end":{"line":1,"column":58}}],"line":1}},"s":{"0":1,"1":0,"2":1},"f":{"0":0},"b":{"0":[0,0]},"_coverageSchema":"1a1c01bbd47fc00a2c39e90264f33305004495a9","hash":"07e2732befa32e1d7771ba550ecbcdc64df571eb"}
,"/Users/ryangranger/commandshift-projects/diy-kata/src/kata3.numberToReversedDigits.js": {"path":"/Users/ryangranger/commandshift-projects/diy-kata/src/kata3.numberToReversedDigits.js","statementMap":{"0":{"start":{"line":1,"column":31},"end":{"line":5,"column":26}},"1":{"start":{"line":2,"column":2},"end":{"line":5,"column":26}},"2":{"start":{"line":5,"column":16},"end":{"line":5,"column":25}},"3":{"start":{"line":7,"column":0},"end":{"line":7,"column":40}}},"fnMap":{"0":{"name":"(anonymous_0)","decl":{"start":{"line":1,"column":31},"end":{"line":1,"column":32}},"loc":{"start":{"line":2,"column":2},"end":{"line":5,"column":26}},"line":2},"1":{"name":"(anonymous_1)","decl":{"start":{"line":5,"column":9},"end":{"line":5,"column":10}},"loc":{"start":{"line":5,"column":16},"end":{"line":5,"column":25}},"line":5}},"branchMap":{},"s":{"0":1,"1":0,"2":0,"3":1},"f":{"0":0,"1":0},"b":{},"_coverageSchema":"1a1c01bbd47fc00a2c39e90264f33305004495a9","hash":"19e5ecb2391ca4a15427d14865c02566ebaf4107"}
,"/Users/ryangranger/commandshift-projects/diy-kata/src/kata4.humanCatDogYears.js": {"path":"/Users/ryangranger/commandshift-projects/diy-kata/src/kata4.humanCatDogYears.js","statementMap":{"0":{"start":{"line":1,"column":25},"end":{"line":28,"column":1}},"1":{"start":{"line":2,"column":17},"end":{"line":2,"column":18}},"2":{"start":{"line":3,"column":17},"end":{"line":3,"column":18}},"3":{"start":{"line":5,"column":2},"end":{"line":26,"column":3}},"4":{"start":{"line":6,"column":4},"end":{"line":6,"column":17}},"5":{"start":{"line":7,"column":4},"end":{"line":7,"column":17}},"6":{"start":{"line":9,"column":16},"end":{"line":9,"column":17}},"7":{"start":{"line":10,"column":4},"end":{"line":25,"column":5}},"8":{"start":{"line":11,"column":6},"end":{"line":23,"column":7}},"9":{"start":{"line":12,"column":8},"end":{"line":12,"column":21}},"10":{"start":{"line":13,"column":8},"end":{"line":13,"column":21}},"11":{"start":{"line":14,"column":13},"end":{"line":23,"column":7}},"12":{"start":{"line":15,"column":8},"end":{"line":15,"column":23}},"13":{"start":{"line":16,"column":8},"end":{"line":16,"column":23}},"14":{"start":{"line":17,"column":13},"end":{"line":23,"column":7}},"15":{"start":{"line":18,"column":8},"end":{"line":18,"column":22}},"16":{"start":{"line":19,"column":8},"end":{"line":19,"column":22}},"17":{"start":{"line":21,"column":8},"end":{"line":21,"column":22}},"18":{"start":{"line":22,"column":8},"end":{"line":22,"column":22}},"19":{"start":{"line":24,"column":6},"end":{"line":24,"column":17}},"20":{"start":{"line":27,"column":2},"end":{"line":27,"column":40}},"21":{"start":{"line":30,"column":0},"end":{"line":30,"column":34}}},"fnMap":{"0":{"name":"(anonymous_0)","decl":{"start":{"line":1,"column":25},"end":{"line":1,"column":26}},"loc":{"start":{"line":1,"column":39},"end":{"line":28,"column":1}},"line":1}},"branchMap":{"0":{"loc":{"start":{"line":5,"column":2},"end":{"line":26,"column":3}},"type":"if","locations":[{"start":{"line":5,"column":2},"end":{"line":26,"column":3}},{"start":{"line":8,"column":9},"end":{"line":26,"column":3}}],"line":5},"1":{"loc":{"start":{"line":11,"column":6},"end":{"line":23,"column":7}},"type":"if","locations":[{"start":{"line":11,"column":6},"end":{"line":23,"column":7}},{"start":{"line":14,"column":13},"end":{"line":23,"column":7}}],"line":11},"2":{"loc":{"start":{"line":14,"column":13},"end":{"line":23,"column":7}},"type":"if","locations":[{"start":{"line":14,"column":13},"end":{"line":23,"column":7}},{"start":{"line":17,"column":13},"end":{"line":23,"column":7}}],"line":14},"3":{"loc":{"start":{"line":17,"column":13},"end":{"line":23,"column":7}},"type":"if","locations":[{"start":{"line":17,"column":13},"end":{"line":23,"column":7}},{"start":{"line":20,"column":13},"end":{"line":23,"column":7}}],"line":17}},"s":{"0":1,"1":0,"2":0,"3":0,"4":0,"5":0,"6":0,"7":0,"8":0,"9":0,"10":0,"11":0,"12":0,"13":0,"14":0,"15":0,"16":0,"17":0,"18":0,"19":0,"20":0,"21":1},"f":{"0":0},"b":{"0":[0,0],"1":[0,0],"2":[0,0],"3":[0,0]},"_coverageSchema":"1a1c01bbd47fc00a2c39e90264f33305004495a9","hash":"33de7a0853f022423ec4f160e2f8c9f2d672e501"}
,"/Users/ryangranger/commandshift-projects/diy-kata/src/kata5.reachDestination.js": {"path":"/Users/ryangranger/commandshift-projects/diy-kata/src/kata5.reachDestination.js","statementMap":{"0":{"start":{"line":2,"column":27},"end":{"line":2,"column":43}},"1":{"start":{"line":4,"column":2},"end":{"line":6,"column":3}},"2":{"start":{"line":5,"column":4},"end":{"line":5,"column":54}},"3":{"start":{"line":7,"column":2},"end":{"line":9,"column":3}},"4":{"start":{"line":8,"column":4},"end":{"line":8,"column":34}},"5":{"start":{"line":10,"column":2},"end":{"line":12,"column":3}},"6":{"start":{"line":11,"column":4},"end":{"line":11,"column":37}},"7":{"start":{"line":13,"column":2},"end":{"line":13,"column":78}},"8":{"start":{"line":16,"column":0},"end":{"line":16,"column":34}}},"fnMap":{"0":{"name":"reachDestination","decl":{"start":{"line":1,"column":9},"end":{"line":1,"column":25}},"loc":{"start":{"line":1,"column":43},"end":{"line":14,"column":1}},"line":1}},"branchMap":{"0":{"loc":{"start":{"line":4,"column":2},"end":{"line":6,"column":3}},"type":"if","locations":[{"start":{"line":4,"column":2},"end":{"line":6,"column":3}},{"start":{},"end":{}}],"line":4},"1":{"loc":{"start":{"line":4,"column":6},"end":{"line":4,"column":31}},"type":"binary-expr","locations":[{"start":{"line":4,"column":6},"end":{"line":4,"column":18}},{"start":{"line":4,"column":22},"end":{"line":4,"column":31}}],"line":4},"2":{"loc":{"start":{"line":7,"column":2},"end":{"line":9,"column":3}},"type":"if","locations":[{"start":{"line":7,"column":2},"end":{"line":9,"column":3}},{"start":{},"end":{}}],"line":7},"3":{"loc":{"start":{"line":10,"column":2},"end":{"line":12,"column":3}},"type":"if","locations":[{"start":{"line":10,"column":2},"end":{"line":12,"column":3}},{"start":{},"end":{}}],"line":10}},"s":{"0":0,"1":0,"2":0,"3":0,"4":0,"5":0,"6":0,"7":0,"8":1},"f":{"0":0},"b":{"0":[0,0],"1":[0,0],"2":[0,0],"3":[0,0]},"_coverageSchema":"1a1c01bbd47fc00a2c39e90264f33305004495a9","hash":"447799b134b2710cbe372cc1036b9c59fd606e67"}
,"/Users/ryangranger/commandshift-projects/diy-kata/src/kata6.joinNames.js": {"path":"/Users/ryangranger/commandshift-projects/diy-kata/src/kata6.joinNames.js","statementMap":{"0":{"start":{"line":1,"column":18},"end":{"line":13,"column":1}},"1":{"start":{"line":2,"column":21},"end":{"line":2,"column":23}},"2":{"start":{"line":3,"column":2},"end":{"line":11,"column":3}},"3":{"start":{"line":3,"column":15},"end":{"line":3,"column":16}},"4":{"start":{"line":4,"column":4},"end":{"line":10,"column":5}},"5":{"start":{"line":5,"column":6},"end":{"line":5,"column":44}},"6":{"start":{"line":6,"column":11},"end":{"line":10,"column":5}},"7":{"start":{"line":7,"column":6},"end":{"line":7,"column":47}},"8":{"start":{"line":9,"column":6},"end":{"line":9,"column":46}},"9":{"start":{"line":12,"column":2},"end":{"line":12,"column":22}},"10":{"start":{"line":15,"column":0},"end":{"line":15,"column":27}}},"fnMap":{"0":{"name":"(anonymous_0)","decl":{"start":{"line":1,"column":18},"end":{"line":1,"column":19}},"loc":{"start":{"line":1,"column":32},"end":{"line":13,"column":1}},"line":1}},"branchMap":{"0":{"loc":{"start":{"line":4,"column":4},"end":{"line":10,"column":5}},"type":"if","locations":[{"start":{"line":4,"column":4},"end":{"line":10,"column":5}},{"start":{"line":6,"column":11},"end":{"line":10,"column":5}}],"line":4},"1":{"loc":{"start":{"line":6,"column":11},"end":{"line":10,"column":5}},"type":"if","locations":[{"start":{"line":6,"column":11},"end":{"line":10,"column":5}},{"start":{"line":8,"column":11},"end":{"line":10,"column":5}}],"line":6}},"s":{"0":1,"1":4,"2":4,"3":4,"4":10,"5":4,"6":6,"7":3,"8":3,"9":4,"10":1},"f":{"0":4},"b":{"0":[4,6],"1":[3,3]},"_coverageSchema":"1a1c01bbd47fc00a2c39e90264f33305004495a9","hash":"c88de58b719329a00d1f3e6a3a5c4a4abe983c3f"}
,"/Users/ryangranger/commandshift-projects/diy-kata/src/kata7.getEmployerRole.js": {"path":"/Users/ryangranger/commandshift-projects/diy-kata/src/kata7.getEmployerRole.js","statementMap":{"0":{"start":{"line":1,"column":24},"end":{"line":1,"column":55}},"1":{"start":{"line":3,"column":0},"end":{"line":3,"column":33}}},"fnMap":{"0":{"name":"(anonymous_0)","decl":{"start":{"line":1,"column":24},"end":{"line":1,"column":25}},"loc":{"start":{"line":1,"column":53},"end":{"line":1,"column":55}},"line":1}},"branchMap":{},"s":{"0":1,"1":1},"f":{"0":0},"b":{},"_coverageSchema":"1a1c01bbd47fc00a2c39e90264f33305004495a9","hash":"14437786fd49d497093533f10bd7e83314d3727c"}
}
